{
  "RSpec": {
    "coverage": {
      "/Users/hansa/makers/week10/bank-tech-test/spec/account_spec.rb": {
        "lines": [
          1,
          null,
          1,
          1,
          1,
          1,
          null,
          null,
          null,
          1,
          1,
          1,
          null,
          null,
          1,
          1,
          1,
          null,
          null,
          1,
          2,
          null,
          null,
          null,
          1,
          1,
          1,
          1,
          null,
          null,
          1,
          1,
          1,
          1,
          null,
          null,
          1,
          2,
          null,
          null,
          null
        ]
      },
      "/Users/hansa/makers/week10/bank-tech-test/lib/account.rb": {
        "lines": [
          1,
          null,
          1,
          1,
          null,
          1,
          12,
          12,
          null,
          null,
          1,
          10,
          null,
          8,
          8,
          8,
          null,
          null,
          1,
          6,
          null,
          5,
          5,
          5,
          null,
          null
        ]
      },
      "/Users/hansa/makers/week10/bank-tech-test/lib/transaction.rb": {
        "lines": [
          1,
          1,
          null,
          1,
          15,
          null,
          null,
          1,
          16,
          10,
          null,
          6,
          null,
          null,
          null
        ]
      },
      "/Users/hansa/makers/week10/bank-tech-test/spec/feature/depost_withdraw_display_spec.rb": {
        "lines": [
          1,
          1,
          1,
          1,
          null,
          1,
          5,
          2,
          null,
          1,
          1,
          null,
          null,
          1,
          1,
          1,
          null,
          null,
          1,
          2,
          null,
          null,
          1,
          1,
          1,
          1,
          2,
          null,
          null,
          null,
          null,
          null
        ]
      },
      "/Users/hansa/makers/week10/bank-tech-test/lib/statement.rb": {
        "lines": [
          1,
          null,
          1,
          1,
          null,
          1,
          5,
          null,
          null,
          1,
          3,
          null,
          null,
          1,
          3,
          5,
          null,
          null,
          null,
          1,
          3,
          null,
          6,
          6,
          null,
          null,
          null,
          1,
          2,
          2,
          null,
          null
        ]
      },
      "/Users/hansa/makers/week10/bank-tech-test/spec/statement_spec.rb": {
        "lines": [
          1,
          1,
          null,
          1,
          4,
          4,
          null,
          1,
          1,
          null,
          null,
          1,
          1,
          1,
          1,
          null,
          1,
          1,
          null,
          1,
          1,
          null,
          null,
          null,
          1,
          1,
          1,
          1,
          1,
          null,
          1,
          1,
          null,
          1,
          1,
          null,
          null,
          null,
          1,
          1,
          1,
          1,
          null,
          1,
          1,
          null,
          1,
          2,
          null,
          null,
          null
        ]
      },
      "/Users/hansa/makers/week10/bank-tech-test/spec/transaction_spec.rb": {
        "lines": [
          1,
          null,
          1,
          null,
          1,
          1,
          1,
          null,
          null,
          null,
          1,
          1,
          1,
          1,
          1,
          null,
          1,
          null,
          null,
          1,
          1,
          1,
          null,
          1,
          1,
          null,
          null,
          null
        ]
      }
    },
    "timestamp": 1585224161
  }
}
